Using pre-set license
Built from '2021.3/staging' branch; Version is '2021.3.8f1 (b30333d56e81) revision 11731763'; Using compiler version '192829333'; Build Type 'Release'
OS: 'Windows 11  (10.0.22621) 64bit Core' Language: 'en' Physical Memory: 32439 MB
BatchMode: 1, IsHumanControllingUs: 0, StartBugReporterOnCrash: 0, Is64bit: 1, IsPro: 1

COMMAND LINE ARGUMENTS:
C:\Program Files\Unity\Hub\Editor\2021.3.8f1\Editor\Unity.exe
-adb2
-batchMode
-noUpm
-name
AssetImportWorker0
-projectPath
C:/Users/jarne/Documents/UnityProjects/RPJDM/AirplaneAI
-logFile
Logs/AssetImportWorker0.log
-srvPort
56834
Successfully changed project path to: C:/Users/jarne/Documents/UnityProjects/RPJDM/AirplaneAI
C:/Users/jarne/Documents/UnityProjects/RPJDM/AirplaneAI
[UnityMemory] Configuration Parameters - Can be set up in boot.config
    "memorysetup-bucket-allocator-granularity=16"
    "memorysetup-bucket-allocator-bucket-count=8"
    "memorysetup-bucket-allocator-block-size=33554432"
    "memorysetup-bucket-allocator-block-count=8"
    "memorysetup-main-allocator-block-size=16777216"
    "memorysetup-thread-allocator-block-size=16777216"
    "memorysetup-gfx-main-allocator-block-size=16777216"
    "memorysetup-gfx-thread-allocator-block-size=16777216"
    "memorysetup-cache-allocator-block-size=4194304"
    "memorysetup-typetree-allocator-block-size=2097152"
    "memorysetup-profiler-bucket-allocator-granularity=16"
    "memorysetup-profiler-bucket-allocator-bucket-count=8"
    "memorysetup-profiler-bucket-allocator-block-size=33554432"
    "memorysetup-profiler-bucket-allocator-block-count=8"
    "memorysetup-profiler-allocator-block-size=16777216"
    "memorysetup-profiler-editor-allocator-block-size=1048576"
    "memorysetup-temp-allocator-size-main=16777216"
    "memorysetup-job-temp-allocator-block-size=2097152"
    "memorysetup-job-temp-allocator-block-size-background=1048576"
    "memorysetup-job-temp-allocator-reduction-small-platforms=262144"
    "memorysetup-temp-allocator-size-background-worker=32768"
    "memorysetup-temp-allocator-size-job-worker=262144"
    "memorysetup-temp-allocator-size-preload-manager=33554432"
    "memorysetup-temp-allocator-size-nav-mesh-worker=65536"
    "memorysetup-temp-allocator-size-audio-worker=65536"
    "memorysetup-temp-allocator-size-cloud-worker=32768"
    "memorysetup-temp-allocator-size-gi-baking-worker=262144"
    "memorysetup-temp-allocator-size-gfx=262144"
Refreshing native plugins compatible for Editor in 61.97 ms, found 3 plugins.
Preloading 0 native plugins for Editor in 0.00 ms.
Initialize engine version: 2021.3.8f1 (b30333d56e81)
[Subsystems] Discovering subsystems at path C:/Program Files/Unity/Hub/Editor/2021.3.8f1/Editor/Data/Resources/UnitySubsystems
[Subsystems] Discovering subsystems at path C:/Users/jarne/Documents/UnityProjects/RPJDM/AirplaneAI/Assets
GfxDevice: creating device client; threaded=0; jobified=0
Direct3D:
    Version:  Direct3D 11.0 [level 11.1]
    Renderer: NVIDIA GeForce RTX 3050 Ti Laptop GPU (ID=0x25a0)
    Vendor:   NVIDIA
    VRAM:     3993 MB
    Driver:   31.0.15.1700
Initialize mono
Mono path[0] = 'C:/Program Files/Unity/Hub/Editor/2021.3.8f1/Editor/Data/Managed'
Mono path[1] = 'C:/Program Files/Unity/Hub/Editor/2021.3.8f1/Editor/Data/MonoBleedingEdge/lib/mono/unityjit-win32'
Mono config path = 'C:/Program Files/Unity/Hub/Editor/2021.3.8f1/Editor/Data/MonoBleedingEdge/etc'
Using monoOptions --debugger-agent=transport=dt_socket,embedding=1,server=y,suspend=n,address=127.0.0.1:56472
Begin MonoManager ReloadAssembly
Registering precompiled unity dll's ...
Register platform support module: C:/Program Files/Unity/Hub/Editor/2021.3.8f1/Editor/Data/PlaybackEngines/WebGLSupport/UnityEditor.WebGL.Extensions.dll
Register platform support module: C:/Program Files/Unity/Hub/Editor/2021.3.8f1/Editor/Data/PlaybackEngines/AndroidPlayer/UnityEditor.Android.Extensions.dll
Register platform support module: C:/Program Files/Unity/Hub/Editor/2021.3.8f1/Editor/Data/PlaybackEngines/WindowsStandaloneSupport/UnityEditor.WindowsStandalone.Extensions.dll
Registered in 0.005014 seconds.
Native extension for WindowsStandalone target not found
Native extension for Android target not found
Native extension for WebGL target not found
Refreshing native plugins compatible for Editor in 68.61 ms, found 3 plugins.
Preloading 0 native plugins for Editor in 0.00 ms.
Mono: successfully reloaded assembly
- Completed reload, in  0.519 seconds
Domain Reload Profiling:
	ReloadAssembly (519ms)
		BeginReloadAssembly (54ms)
			ExecutionOrderSort (0ms)
			DisableScriptedObjects (0ms)
			BackupInstance (0ms)
			ReleaseScriptingObjects (0ms)
			CreateAndSetChildDomain (1ms)
		EndReloadAssembly (385ms)
			LoadAssemblies (53ms)
			RebuildTransferFunctionScriptingTraits (0ms)
			SetupTypeCache (84ms)
			ReleaseScriptCaches (0ms)
			RebuildScriptCaches (25ms)
			SetupLoadedEditorAssemblies (235ms)
				LogAssemblyErrors (0ms)
				InitializePlatformSupportModulesInManaged (49ms)
				SetLoadedEditorAssemblies (0ms)
				RefreshPlugins (69ms)
				BeforeProcessingInitializeOnLoad (2ms)
				ProcessInitializeOnLoadAttributes (84ms)
				ProcessInitializeOnLoadMethodAttributes (32ms)
				AfterProcessingInitializeOnLoad (0ms)
				EditorAssembliesLoaded (0ms)
			ExecutionOrderSort2 (0ms)
			AwakeInstancesAfterBackupRestoration (0ms)
Platform modules already initialized, skipping
Registering precompiled user dll's ...
Registered in 0.003682 seconds.
Begin MonoManager ReloadAssembly
Symbol file LoadedFromMemory doesn't match image C:\Users\jarne\Documents\UnityProjects\RPJDM\AirplaneAI\Library\PackageCache\com.unity.visualscripting@1.7.8\Editor\VisualScripting.Core\Dependencies\YamlDotNet\Unity.VisualScripting.YamlDotNet.dll
Symbol file LoadedFromMemory doesn't match image C:\Users\jarne\Documents\UnityProjects\RPJDM\AirplaneAI\Library\PackageCache\com.unity.visualscripting@1.7.8\Editor\VisualScripting.Core\Dependencies\DotNetZip\Unity.VisualScripting.IonicZip.dll
Native extension for WindowsStandalone target not found
Native extension for Android target not found
Native extension for WebGL target not found
Refreshing native plugins compatible for Editor in 0.47 ms, found 3 plugins.
Preloading 0 native plugins for Editor in 0.00 ms.
Mono: successfully reloaded assembly
- Completed reload, in  1.143 seconds
Domain Reload Profiling:
	ReloadAssembly (1143ms)
		BeginReloadAssembly (193ms)
			ExecutionOrderSort (0ms)
			DisableScriptedObjects (6ms)
			BackupInstance (0ms)
			ReleaseScriptingObjects (0ms)
			CreateAndSetChildDomain (123ms)
		EndReloadAssembly (864ms)
			LoadAssemblies (52ms)
			RebuildTransferFunctionScriptingTraits (0ms)
			SetupTypeCache (350ms)
			ReleaseScriptCaches (0ms)
			RebuildScriptCaches (43ms)
			SetupLoadedEditorAssemblies (361ms)
				LogAssemblyErrors (0ms)
				InitializePlatformSupportModulesInManaged (13ms)
				SetLoadedEditorAssemblies (0ms)
				RefreshPlugins (1ms)
				BeforeProcessingInitializeOnLoad (70ms)
				ProcessInitializeOnLoadAttributes (246ms)
				ProcessInitializeOnLoadMethodAttributes (26ms)
				AfterProcessingInitializeOnLoad (4ms)
				EditorAssembliesLoaded (0ms)
			ExecutionOrderSort2 (0ms)
			AwakeInstancesAfterBackupRestoration (5ms)
Platform modules already initialized, skipping
========================================================================
Worker process is ready to serve import requests
Launched and connected shader compiler UnityShaderCompiler.exe after 0.07 seconds
Refreshing native plugins compatible for Editor in 0.55 ms, found 3 plugins.
Preloading 0 native plugins for Editor in 0.00 ms.
Unloading 3377 Unused Serialized files (Serialized files now loaded: 0)
Unloading 27 unused Assets / (111.0 KB). Loaded Objects now: 3836.
Memory consumption went from 118.4 MB to 118.3 MB.
Total: 5.259700 ms (FindLiveObjects: 0.228800 ms CreateObjectMapping: 0.108800 ms MarkObjects: 4.811600 ms  DeleteObjects: 0.109300 ms)

AssetImportParameters requested are different than current active one (requested -> active):
  custom:video-decoder-ogg-theora: a1e56fd34408186e4bbccfd4996cb3dc -> 
  custom:container-muxer-webm: aa71ff27fc2769a1b78a27578f13a17b -> 
  custom:container-demuxer-webm: 4f35f7cbe854078d1ac9338744f61a02 -> 
  custom:video-encoder-webm-vp8: eb34c28f22e8b96e1ab97ce403110664 -> 
  custom:video-codec-MediaFoundation-h265: 746d11721c4dcdbdad8f713fa42b33f4 -> 
  custom:audio-encoder-webm-vorbis: bf7c407c2cedff20999df2af8eb42d56 -> 
  custom:framework-win-MediaFoundation: 216162199b28c13a410421893ffa2e32 -> 
  custom:container-demuxer-ogg: 62fdf1f143b41e24485cea50d1cbac27 -> 
  custom:video-decoder-webm-vp8: 9c59270c3fd7afecdb556c50c9e8de78 -> 
  custom:audio-decoder-ogg-vorbis: bf7c407c2cedff20999df2af8eb42d56 -> 
========================================================================
Received Import Request.
  Time since last request: 2161334.539709 seconds.
  path: Assets/Airplane/Airplane_v2_L2.123c9fd3dbfa-7118-4fde-af56-f04ef61f45dd/11804_Airplane_v2_l2.obj
  artifactKey: Guid(d80fda6ca864d3444ae86b3f49336c51) Importer(815301076,1909f56bfc062723c751e8b465ee728b)
Start importing Assets/Airplane/Airplane_v2_L2.123c9fd3dbfa-7118-4fde-af56-f04ef61f45dd/11804_Airplane_v2_l2.obj using Guid(d80fda6ca864d3444ae86b3f49336c51) Importer(815301076,1909f56bfc062723c751e8b465ee728b)  -> (artifact id: 'be89e98d2eb6c0f31b8461a47368e31f') in 0.394203 seconds 
========================================================================
Received Import Request.
  Time since last request: 159.962635 seconds.
  path: Assets/Road/Models/roadTile_104.obj
  artifactKey: Guid(8616f7c9535aff147b08fae977f1c957) Importer(815301076,1909f56bfc062723c751e8b465ee728b)
Start importing Assets/Road/Models/roadTile_104.obj using Guid(8616f7c9535aff147b08fae977f1c957) Importer(815301076,1909f56bfc062723c751e8b465ee728b)  -> (artifact id: '978792041f458dce19940545ca039cd3') in 0.044826 seconds 
========================================================================
Received Import Request.
  Time since last request: 0.000030 seconds.
  path: Assets/Road/Models/roadTile_093.obj
  artifactKey: Guid(b95f5937106ae5d42a06539c63484a09) Importer(815301076,1909f56bfc062723c751e8b465ee728b)
Start importing Assets/Road/Models/roadTile_093.obj using Guid(b95f5937106ae5d42a06539c63484a09) Importer(815301076,1909f56bfc062723c751e8b465ee728b)  -> (artifact id: 'e509368519aae25ef1bd594eda9c9ca3') in 0.043167 seconds 
========================================================================
Received Import Request.
  Time since last request: 3.794269 seconds.
  path: Assets/Road/Models/roadTile_097.obj
  artifactKey: Guid(9a1806bc1489b8c40bc97d00f3bafac0) Importer(815301076,1909f56bfc062723c751e8b465ee728b)
Start importing Assets/Road/Models/roadTile_097.obj using Guid(9a1806bc1489b8c40bc97d00f3bafac0) Importer(815301076,1909f56bfc062723c751e8b465ee728b)  -> (artifact id: 'd6693bb7028b2e976a88f6f0641d45ef') in 0.047309 seconds 
========================================================================
Received Import Request.
  Time since last request: 1.404510 seconds.
  path: Assets/Road/Models/roadTile_105.obj
  artifactKey: Guid(e9e02845630a22647afc261be8075175) Importer(815301076,1909f56bfc062723c751e8b465ee728b)
Start importing Assets/Road/Models/roadTile_105.obj using Guid(e9e02845630a22647afc261be8075175) Importer(815301076,1909f56bfc062723c751e8b465ee728b)  -> (artifact id: '928f62d3c9aeb20ac90dcae45abf21d8') in 0.043172 seconds 
========================================================================
Received Import Request.
  Time since last request: 2.866966 seconds.
  path: Assets/Road/Models/roadTile_101.obj
  artifactKey: Guid(ab254d0a0601aa147af2bb5bae3e52aa) Importer(815301076,1909f56bfc062723c751e8b465ee728b)
Start importing Assets/Road/Models/roadTile_101.obj using Guid(ab254d0a0601aa147af2bb5bae3e52aa) Importer(815301076,1909f56bfc062723c751e8b465ee728b)  -> (artifact id: 'fcf0acd8bd39d97b743dfb636cb02ba3') in 0.048323 seconds 
========================================================================
Received Import Request.
  Time since last request: 1.477831 seconds.
  path: Assets/Road/Models/roadTile_092.obj
  artifactKey: Guid(4b839c76b32acef49b44f91299a98769) Importer(815301076,1909f56bfc062723c751e8b465ee728b)
Start importing Assets/Road/Models/roadTile_092.obj using Guid(4b839c76b32acef49b44f91299a98769) Importer(815301076,1909f56bfc062723c751e8b465ee728b)  -> (artifact id: '6199d8b91a442d78807515bafda45e1e') in 0.039486 seconds 
========================================================================
Received Import Request.
  Time since last request: 0.002522 seconds.
  path: Assets/Road/Models/roadTile_086.obj
  artifactKey: Guid(1e1b2a9be2de68749bc28bb126e9252d) Importer(815301076,1909f56bfc062723c751e8b465ee728b)
Start importing Assets/Road/Models/roadTile_086.obj using Guid(1e1b2a9be2de68749bc28bb126e9252d) Importer(815301076,1909f56bfc062723c751e8b465ee728b)  -> (artifact id: '8b0472c35cbf5d57dff83f9d43558caf') in 0.044486 seconds 
========================================================================
Received Import Request.
  Time since last request: 0.000019 seconds.
  path: Assets/Road/Models/roadTile_106.obj
  artifactKey: Guid(f1f1ae83bbc246a489e9123e1fda2ef5) Importer(815301076,1909f56bfc062723c751e8b465ee728b)
Start importing Assets/Road/Models/roadTile_106.obj using Guid(f1f1ae83bbc246a489e9123e1fda2ef5) Importer(815301076,1909f56bfc062723c751e8b465ee728b)  -> (artifact id: '573a388eeac46e0d8b2eadc4c1c5f09b') in 0.067602 seconds 
========================================================================
Received Import Request.
  Time since last request: 1.189981 seconds.
  path: Assets/Road/Models/roadTile_087.obj
  artifactKey: Guid(3b38d38c1200fb84983e4dd804d840a1) Importer(815301076,1909f56bfc062723c751e8b465ee728b)
Start importing Assets/Road/Models/roadTile_087.obj using Guid(3b38d38c1200fb84983e4dd804d840a1) Importer(815301076,1909f56bfc062723c751e8b465ee728b)  -> (artifact id: 'fc32506c39c3801f845777c7e39c96b6') in 0.028866 seconds 
========================================================================
Received Import Request.
  Time since last request: 0.000019 seconds.
  path: Assets/Road/Models/roadTile_085.obj
  artifactKey: Guid(50e30201232cfb9489876a9b571552ce) Importer(815301076,1909f56bfc062723c751e8b465ee728b)
Start importing Assets/Road/Models/roadTile_085.obj using Guid(50e30201232cfb9489876a9b571552ce) Importer(815301076,1909f56bfc062723c751e8b465ee728b)  -> (artifact id: '79874db2aef95eaf14125d972b47c786') in 0.055122 seconds 
========================================================================
Received Import Request.
  Time since last request: 0.767930 seconds.
  path: Assets/Road/Models/roadTile_193.obj
  artifactKey: Guid(4e17e5c15a287de40bfe29a7a1ebb2b5) Importer(815301076,1909f56bfc062723c751e8b465ee728b)
Start importing Assets/Road/Models/roadTile_193.obj using Guid(4e17e5c15a287de40bfe29a7a1ebb2b5) Importer(815301076,1909f56bfc062723c751e8b465ee728b)  -> (artifact id: '3cafc911cd70f620b1e19ec713cad91b') in 0.035566 seconds 
========================================================================
Received Import Request.
  Time since last request: 522.336506 seconds.
  path: Assets/Road/Models/roadTile_079.obj
  artifactKey: Guid(1b50cdee39163ae409dbd43051a61747) Importer(815301076,1909f56bfc062723c751e8b465ee728b)
Start importing Assets/Road/Models/roadTile_079.obj using Guid(1b50cdee39163ae409dbd43051a61747) Importer(815301076,1909f56bfc062723c751e8b465ee728b)  -> (artifact id: '6be5956be3b262a94ac04482a845c36b') in 0.034837 seconds 
========================================================================
Received Import Request.
  Time since last request: 0.004336 seconds.
  path: Assets/Road/Models/roadTile_083.obj
  artifactKey: Guid(23858b8074d33e24693977276351d102) Importer(815301076,1909f56bfc062723c751e8b465ee728b)
Start importing Assets/Road/Models/roadTile_083.obj using Guid(23858b8074d33e24693977276351d102) Importer(815301076,1909f56bfc062723c751e8b465ee728b)  -> (artifact id: 'ee715d6ac3abec440366687e52a0aa14') in 0.066289 seconds 
========================================================================
Received Import Request.
  Time since last request: 0.000024 seconds.
  path: Assets/Road/Models/roadTile_084.obj
  artifactKey: Guid(47f874621e6822545913dd9f9f117a5f) Importer(815301076,1909f56bfc062723c751e8b465ee728b)
Start importing Assets/Road/Models/roadTile_084.obj using Guid(47f874621e6822545913dd9f9f117a5f) Importer(815301076,1909f56bfc062723c751e8b465ee728b)  -> (artifact id: 'd04efbfd2da39f70598bd6c2b1a486a3') in 0.041595 seconds 
========================================================================
Received Import Request.
  Time since last request: 0.000027 seconds.
  path: Assets/Road/Models/roadTile_081.obj
  artifactKey: Guid(6e55cf6c648d88343add5907d54646af) Importer(815301076,1909f56bfc062723c751e8b465ee728b)
Start importing Assets/Road/Models/roadTile_081.obj using Guid(6e55cf6c648d88343add5907d54646af) Importer(815301076,1909f56bfc062723c751e8b465ee728b)  -> (artifact id: 'efb7bbb738a9605de8fa8941b7186ee3') in 0.042184 seconds 
========================================================================
Received Import Request.
  Time since last request: 0.000029 seconds.
  path: Assets/Road/Models/roadTile_080.obj
  artifactKey: Guid(afcb5282e70b5e54ebaaf5230a2fbb13) Importer(815301076,1909f56bfc062723c751e8b465ee728b)
Start importing Assets/Road/Models/roadTile_080.obj using Guid(afcb5282e70b5e54ebaaf5230a2fbb13) Importer(815301076,1909f56bfc062723c751e8b465ee728b)  -> (artifact id: '5435207864c0b046202443c81052f928') in 0.031330 seconds 
Editor requested this worker to shutdown with reason: Scaling down because of idle timeout
AssetImportWorker is now disconnected from the server
Process exiting
Exiting without the bug reporter. Application will terminate with return code 0