Using pre-set license
Built from '2021.3/staging' branch; Version is '2021.3.8f1 (b30333d56e81) revision 11731763'; Using compiler version '192829333'; Build Type 'Release'
OS: 'Windows 11  (10.0.22621) 64bit Core' Language: 'en' Physical Memory: 32439 MB
BatchMode: 1, IsHumanControllingUs: 0, StartBugReporterOnCrash: 0, Is64bit: 1, IsPro: 1

COMMAND LINE ARGUMENTS:
C:\Program Files\Unity\Hub\Editor\2021.3.8f1\Editor\Unity.exe
-adb2
-batchMode
-noUpm
-name
AssetImportWorker1
-projectPath
C:/Users/jarne/Documents/UnityProjects/RPJDM/AirplaneAI
-logFile
Logs/AssetImportWorker1.log
-srvPort
56834
Successfully changed project path to: C:/Users/jarne/Documents/UnityProjects/RPJDM/AirplaneAI
C:/Users/jarne/Documents/UnityProjects/RPJDM/AirplaneAI
[UnityMemory] Configuration Parameters - Can be set up in boot.config
    "memorysetup-bucket-allocator-granularity=16"
    "memorysetup-bucket-allocator-bucket-count=8"
    "memorysetup-bucket-allocator-block-size=33554432"
    "memorysetup-bucket-allocator-block-count=8"
    "memorysetup-main-allocator-block-size=16777216"
    "memorysetup-thread-allocator-block-size=16777216"
    "memorysetup-gfx-main-allocator-block-size=16777216"
    "memorysetup-gfx-thread-allocator-block-size=16777216"
    "memorysetup-cache-allocator-block-size=4194304"
    "memorysetup-typetree-allocator-block-size=2097152"
    "memorysetup-profiler-bucket-allocator-granularity=16"
    "memorysetup-profiler-bucket-allocator-bucket-count=8"
    "memorysetup-profiler-bucket-allocator-block-size=33554432"
    "memorysetup-profiler-bucket-allocator-block-count=8"
    "memorysetup-profiler-allocator-block-size=16777216"
    "memorysetup-profiler-editor-allocator-block-size=1048576"
    "memorysetup-temp-allocator-size-main=16777216"
    "memorysetup-job-temp-allocator-block-size=2097152"
    "memorysetup-job-temp-allocator-block-size-background=1048576"
    "memorysetup-job-temp-allocator-reduction-small-platforms=262144"
    "memorysetup-temp-allocator-size-background-worker=32768"
    "memorysetup-temp-allocator-size-job-worker=262144"
    "memorysetup-temp-allocator-size-preload-manager=33554432"
    "memorysetup-temp-allocator-size-nav-mesh-worker=65536"
    "memorysetup-temp-allocator-size-audio-worker=65536"
    "memorysetup-temp-allocator-size-cloud-worker=32768"
    "memorysetup-temp-allocator-size-gi-baking-worker=262144"
    "memorysetup-temp-allocator-size-gfx=262144"
Refreshing native plugins compatible for Editor in 62.29 ms, found 3 plugins.
Preloading 0 native plugins for Editor in 0.00 ms.
Initialize engine version: 2021.3.8f1 (b30333d56e81)
[Subsystems] Discovering subsystems at path C:/Program Files/Unity/Hub/Editor/2021.3.8f1/Editor/Data/Resources/UnitySubsystems
[Subsystems] Discovering subsystems at path C:/Users/jarne/Documents/UnityProjects/RPJDM/AirplaneAI/Assets
GfxDevice: creating device client; threaded=0; jobified=0
Direct3D:
    Version:  Direct3D 11.0 [level 11.1]
    Renderer: NVIDIA GeForce RTX 3050 Ti Laptop GPU (ID=0x25a0)
    Vendor:   NVIDIA
    VRAM:     3993 MB
    Driver:   31.0.15.1700
Initialize mono
Mono path[0] = 'C:/Program Files/Unity/Hub/Editor/2021.3.8f1/Editor/Data/Managed'
Mono path[1] = 'C:/Program Files/Unity/Hub/Editor/2021.3.8f1/Editor/Data/MonoBleedingEdge/lib/mono/unityjit-win32'
Mono config path = 'C:/Program Files/Unity/Hub/Editor/2021.3.8f1/Editor/Data/MonoBleedingEdge/etc'
Using monoOptions --debugger-agent=transport=dt_socket,embedding=1,server=y,suspend=n,address=127.0.0.1:56132
Begin MonoManager ReloadAssembly
Registering precompiled unity dll's ...
Register platform support module: C:/Program Files/Unity/Hub/Editor/2021.3.8f1/Editor/Data/PlaybackEngines/WebGLSupport/UnityEditor.WebGL.Extensions.dll
Register platform support module: C:/Program Files/Unity/Hub/Editor/2021.3.8f1/Editor/Data/PlaybackEngines/AndroidPlayer/UnityEditor.Android.Extensions.dll
Register platform support module: C:/Program Files/Unity/Hub/Editor/2021.3.8f1/Editor/Data/PlaybackEngines/WindowsStandaloneSupport/UnityEditor.WindowsStandalone.Extensions.dll
Registered in 0.004971 seconds.
Native extension for WindowsStandalone target not found
Native extension for Android target not found
Native extension for WebGL target not found
Refreshing native plugins compatible for Editor in 61.20 ms, found 3 plugins.
Preloading 0 native plugins for Editor in 0.00 ms.
Mono: successfully reloaded assembly
- Completed reload, in  0.489 seconds
Domain Reload Profiling:
	ReloadAssembly (489ms)
		BeginReloadAssembly (55ms)
			ExecutionOrderSort (0ms)
			DisableScriptedObjects (0ms)
			BackupInstance (0ms)
			ReleaseScriptingObjects (0ms)
			CreateAndSetChildDomain (1ms)
		EndReloadAssembly (356ms)
			LoadAssemblies (54ms)
			RebuildTransferFunctionScriptingTraits (0ms)
			SetupTypeCache (75ms)
			ReleaseScriptCaches (0ms)
			RebuildScriptCaches (25ms)
			SetupLoadedEditorAssemblies (216ms)
				LogAssemblyErrors (0ms)
				InitializePlatformSupportModulesInManaged (46ms)
				SetLoadedEditorAssemblies (0ms)
				RefreshPlugins (61ms)
				BeforeProcessingInitializeOnLoad (1ms)
				ProcessInitializeOnLoadAttributes (75ms)
				ProcessInitializeOnLoadMethodAttributes (32ms)
				AfterProcessingInitializeOnLoad (0ms)
				EditorAssembliesLoaded (0ms)
			ExecutionOrderSort2 (0ms)
			AwakeInstancesAfterBackupRestoration (0ms)
Platform modules already initialized, skipping
Registering precompiled user dll's ...
Registered in 0.003765 seconds.
Begin MonoManager ReloadAssembly
Symbol file LoadedFromMemory doesn't match image C:\Users\jarne\Documents\UnityProjects\RPJDM\AirplaneAI\Library\PackageCache\com.unity.visualscripting@1.7.8\Editor\VisualScripting.Core\Dependencies\YamlDotNet\Unity.VisualScripting.YamlDotNet.dll
Symbol file LoadedFromMemory doesn't match image C:\Users\jarne\Documents\UnityProjects\RPJDM\AirplaneAI\Library\PackageCache\com.unity.visualscripting@1.7.8\Editor\VisualScripting.Core\Dependencies\DotNetZip\Unity.VisualScripting.IonicZip.dll
Native extension for WindowsStandalone target not found
Native extension for Android target not found
Native extension for WebGL target not found
Refreshing native plugins compatible for Editor in 0.44 ms, found 3 plugins.
Preloading 0 native plugins for Editor in 0.00 ms.
Mono: successfully reloaded assembly
- Completed reload, in  1.165 seconds
Domain Reload Profiling:
	ReloadAssembly (1165ms)
		BeginReloadAssembly (216ms)
			ExecutionOrderSort (0ms)
			DisableScriptedObjects (6ms)
			BackupInstance (0ms)
			ReleaseScriptingObjects (0ms)
			CreateAndSetChildDomain (132ms)
		EndReloadAssembly (861ms)
			LoadAssemblies (56ms)
			RebuildTransferFunctionScriptingTraits (0ms)
			SetupTypeCache (356ms)
			ReleaseScriptCaches (0ms)
			RebuildScriptCaches (43ms)
			SetupLoadedEditorAssemblies (355ms)
				LogAssemblyErrors (0ms)
				InitializePlatformSupportModulesInManaged (13ms)
				SetLoadedEditorAssemblies (0ms)
				RefreshPlugins (0ms)
				BeforeProcessingInitializeOnLoad (73ms)
				ProcessInitializeOnLoadAttributes (234ms)
				ProcessInitializeOnLoadMethodAttributes (30ms)
				AfterProcessingInitializeOnLoad (4ms)
				EditorAssembliesLoaded (0ms)
			ExecutionOrderSort2 (0ms)
			AwakeInstancesAfterBackupRestoration (6ms)
Platform modules already initialized, skipping
========================================================================
Worker process is ready to serve import requests
Launched and connected shader compiler UnityShaderCompiler.exe after 0.08 seconds
Refreshing native plugins compatible for Editor in 0.99 ms, found 3 plugins.
Preloading 0 native plugins for Editor in 0.00 ms.
Unloading 3377 Unused Serialized files (Serialized files now loaded: 0)
Unloading 27 unused Assets / (111.0 KB). Loaded Objects now: 3836.
Memory consumption went from 118.4 MB to 118.3 MB.
Total: 4.474200 ms (FindLiveObjects: 0.388200 ms CreateObjectMapping: 0.148100 ms MarkObjects: 3.842000 ms  DeleteObjects: 0.094600 ms)

AssetImportParameters requested are different than current active one (requested -> active):
  custom:video-decoder-ogg-theora: a1e56fd34408186e4bbccfd4996cb3dc -> 
  custom:container-muxer-webm: aa71ff27fc2769a1b78a27578f13a17b -> 
  custom:container-demuxer-webm: 4f35f7cbe854078d1ac9338744f61a02 -> 
  custom:video-encoder-webm-vp8: eb34c28f22e8b96e1ab97ce403110664 -> 
  custom:video-codec-MediaFoundation-h265: 746d11721c4dcdbdad8f713fa42b33f4 -> 
  custom:audio-encoder-webm-vorbis: bf7c407c2cedff20999df2af8eb42d56 -> 
  custom:framework-win-MediaFoundation: 216162199b28c13a410421893ffa2e32 -> 
  custom:container-demuxer-ogg: 62fdf1f143b41e24485cea50d1cbac27 -> 
  custom:video-decoder-webm-vp8: 9c59270c3fd7afecdb556c50c9e8de78 -> 
  custom:audio-decoder-ogg-vorbis: bf7c407c2cedff20999df2af8eb42d56 -> 
========================================================================
Received Import Request.
  Time since last request: 2161334.532863 seconds.
  path: Assets/Airplane/Airplane_v2_L2.123c9fd3dbfa-7118-4fde-af56-f04ef61f45dd/11804_Airplane_diff.jpg
  artifactKey: Guid(7413363b973ddfc40af2680b74f289cd) Importer(815301076,1909f56bfc062723c751e8b465ee728b)
Start importing Assets/Airplane/Airplane_v2_L2.123c9fd3dbfa-7118-4fde-af56-f04ef61f45dd/11804_Airplane_diff.jpg using Guid(7413363b973ddfc40af2680b74f289cd) Importer(815301076,1909f56bfc062723c751e8b465ee728b)  -> (artifact id: '870200d1f506c8f9712d61441c27aac4') in 0.053783 seconds 
========================================================================
Received Import Request.
  Time since last request: 0.000017 seconds.
  path: Assets/Airplane/Airplane_v2_L2.123c9fd3dbfa-7118-4fde-af56-f04ef61f45dd
  artifactKey: Guid(0afcf12bf220bba49a7b114cd51a90d4) Importer(815301076,1909f56bfc062723c751e8b465ee728b)
Start importing Assets/Airplane/Airplane_v2_L2.123c9fd3dbfa-7118-4fde-af56-f04ef61f45dd using Guid(0afcf12bf220bba49a7b114cd51a90d4) Importer(815301076,1909f56bfc062723c751e8b465ee728b)  -> (artifact id: 'c1fbdfdda2a845f1a4b2aa8ae9ecedd7') in 0.010686 seconds 
========================================================================
Received Import Request.
  Time since last request: 160.295219 seconds.
  path: Assets/Road/Models/roadTile_094.obj
  artifactKey: Guid(bcbe6fad7da65134aa6d13d89261d8d5) Importer(815301076,1909f56bfc062723c751e8b465ee728b)
Start importing Assets/Road/Models/roadTile_094.obj using Guid(bcbe6fad7da65134aa6d13d89261d8d5) Importer(815301076,1909f56bfc062723c751e8b465ee728b)  -> (artifact id: '8fd991559f42912c53a6cd4b8784c06e') in 0.178855 seconds 
========================================================================
Received Import Request.
  Time since last request: 3.712312 seconds.
  path: Assets/Road/Models/roadTile_095.obj
  artifactKey: Guid(887ae37b64ed2264b9b54b1649161795) Importer(815301076,1909f56bfc062723c751e8b465ee728b)
Start importing Assets/Road/Models/roadTile_095.obj using Guid(887ae37b64ed2264b9b54b1649161795) Importer(815301076,1909f56bfc062723c751e8b465ee728b)  -> (artifact id: 'ca26292cab432a5a15e5d2d8b31b7a3c') in 0.047196 seconds 
========================================================================
Received Import Request.
  Time since last request: 1.404485 seconds.
  path: Assets/Road/Models/roadTile_103.obj
  artifactKey: Guid(ca59dee6958d37c42af0265bdab787b5) Importer(815301076,1909f56bfc062723c751e8b465ee728b)
Start importing Assets/Road/Models/roadTile_103.obj using Guid(ca59dee6958d37c42af0265bdab787b5) Importer(815301076,1909f56bfc062723c751e8b465ee728b)  -> (artifact id: 'dccc9f1706d5762bb62adab1701a666c') in 0.035212 seconds 
========================================================================
Received Import Request.
  Time since last request: 2.874464 seconds.
  path: Assets/Road/Models/roadTile_102.obj
  artifactKey: Guid(5e4595aa98a9b2949b480aee8123c102) Importer(815301076,1909f56bfc062723c751e8b465ee728b)
Start importing Assets/Road/Models/roadTile_102.obj using Guid(5e4595aa98a9b2949b480aee8123c102) Importer(815301076,1909f56bfc062723c751e8b465ee728b)  -> (artifact id: '116d068f4395b0ef59b762aa560ae7e6') in 0.053115 seconds 
========================================================================
Received Import Request.
  Time since last request: 1.472709 seconds.
  path: Assets/Road/Models/roadTile_098.obj
  artifactKey: Guid(8a5e99a845077474e9d723006b445d69) Importer(815301076,1909f56bfc062723c751e8b465ee728b)
Start importing Assets/Road/Models/roadTile_098.obj using Guid(8a5e99a845077474e9d723006b445d69) Importer(815301076,1909f56bfc062723c751e8b465ee728b)  -> (artifact id: '66bd5efc186862656d9562176168474c') in 0.044338 seconds 
========================================================================
Received Import Request.
  Time since last request: 0.000022 seconds.
  path: Assets/Road/Models/roadTile_088.obj
  artifactKey: Guid(c3aa19c6159b70741a412c36fcd452bd) Importer(815301076,1909f56bfc062723c751e8b465ee728b)
Start importing Assets/Road/Models/roadTile_088.obj using Guid(c3aa19c6159b70741a412c36fcd452bd) Importer(815301076,1909f56bfc062723c751e8b465ee728b)  -> (artifact id: '73f458385ebfb58533a74f7316a29e53') in 0.043670 seconds 
========================================================================
Received Import Request.
  Time since last request: 0.000021 seconds.
  path: Assets/Road/Models/roadTile_100.obj
  artifactKey: Guid(e5f3e4c78295f6744b124f8b8e1fefb9) Importer(815301076,1909f56bfc062723c751e8b465ee728b)
Start importing Assets/Road/Models/roadTile_100.obj using Guid(e5f3e4c78295f6744b124f8b8e1fefb9) Importer(815301076,1909f56bfc062723c751e8b465ee728b)  -> (artifact id: 'f6ac4b970d1127bbaa6375388fb7f9c0') in 0.056924 seconds 
========================================================================
Received Import Request.
  Time since last request: 1.198107 seconds.
  path: Assets/Road/Models/roadTile_099.obj
  artifactKey: Guid(32d6867c4e1076b46b383e7be32aa944) Importer(815301076,1909f56bfc062723c751e8b465ee728b)
Start importing Assets/Road/Models/roadTile_099.obj using Guid(32d6867c4e1076b46b383e7be32aa944) Importer(815301076,1909f56bfc062723c751e8b465ee728b)  -> (artifact id: 'a6d823b3e581975b31876279515e7694') in 0.031487 seconds 
========================================================================
Received Import Request.
  Time since last request: 0.000026 seconds.
  path: Assets/Road/Models/roadTile_096.obj
  artifactKey: Guid(73e0192d8282ae244b51b747d0abcb76) Importer(815301076,1909f56bfc062723c751e8b465ee728b)
Start importing Assets/Road/Models/roadTile_096.obj using Guid(73e0192d8282ae244b51b747d0abcb76) Importer(815301076,1909f56bfc062723c751e8b465ee728b)  -> (artifact id: '9cc6b7f73bc4ac82c401a0f2ced9564c') in 0.061057 seconds 
========================================================================
Received Import Request.
  Time since last request: 0.759135 seconds.
  path: Assets/Road/Models/roadTile_196.obj
  artifactKey: Guid(7ddf3c8e160ca734c9f7c1b20c865184) Importer(815301076,1909f56bfc062723c751e8b465ee728b)
Start importing Assets/Road/Models/roadTile_196.obj using Guid(7ddf3c8e160ca734c9f7c1b20c865184) Importer(815301076,1909f56bfc062723c751e8b465ee728b)  -> (artifact id: '5f52b2c80066f3b7cd3867d47c286936') in 0.034056 seconds 
Editor requested this worker to shutdown with reason: Scaling down because of idle timeout
AssetImportWorker is now disconnected from the server
Process exiting
Exiting without the bug reporter. Application will terminate with return code 0