Using pre-set license
Built from '2021.3/staging' branch; Version is '2021.3.8f1 (b30333d56e81) revision 11731763'; Using compiler version '192829333'; Build Type 'Release'
OS: 'Windows 11  (10.0.22621) 64bit Core' Language: 'en' Physical Memory: 32439 MB
BatchMode: 1, IsHumanControllingUs: 0, StartBugReporterOnCrash: 0, Is64bit: 1, IsPro: 1

COMMAND LINE ARGUMENTS:
C:\Program Files\Unity\Hub\Editor\2021.3.8f1\Editor\Unity.exe
-adb2
-batchMode
-noUpm
-name
AssetImportWorker7
-projectPath
C:/Users/jarne/Documents/UnityProjects/RPJDM/AirplaneAI
-logFile
Logs/AssetImportWorker7.log
-srvPort
56834
Successfully changed project path to: C:/Users/jarne/Documents/UnityProjects/RPJDM/AirplaneAI
C:/Users/jarne/Documents/UnityProjects/RPJDM/AirplaneAI
[UnityMemory] Configuration Parameters - Can be set up in boot.config
    "memorysetup-bucket-allocator-granularity=16"
    "memorysetup-bucket-allocator-bucket-count=8"
    "memorysetup-bucket-allocator-block-size=33554432"
    "memorysetup-bucket-allocator-block-count=8"
    "memorysetup-main-allocator-block-size=16777216"
    "memorysetup-thread-allocator-block-size=16777216"
    "memorysetup-gfx-main-allocator-block-size=16777216"
    "memorysetup-gfx-thread-allocator-block-size=16777216"
    "memorysetup-cache-allocator-block-size=4194304"
    "memorysetup-typetree-allocator-block-size=2097152"
    "memorysetup-profiler-bucket-allocator-granularity=16"
    "memorysetup-profiler-bucket-allocator-bucket-count=8"
    "memorysetup-profiler-bucket-allocator-block-size=33554432"
    "memorysetup-profiler-bucket-allocator-block-count=8"
    "memorysetup-profiler-allocator-block-size=16777216"
    "memorysetup-profiler-editor-allocator-block-size=1048576"
    "memorysetup-temp-allocator-size-main=16777216"
    "memorysetup-job-temp-allocator-block-size=2097152"
    "memorysetup-job-temp-allocator-block-size-background=1048576"
    "memorysetup-job-temp-allocator-reduction-small-platforms=262144"
    "memorysetup-temp-allocator-size-background-worker=32768"
    "memorysetup-temp-allocator-size-job-worker=262144"
    "memorysetup-temp-allocator-size-preload-manager=33554432"
    "memorysetup-temp-allocator-size-nav-mesh-worker=65536"
    "memorysetup-temp-allocator-size-audio-worker=65536"
    "memorysetup-temp-allocator-size-cloud-worker=32768"
    "memorysetup-temp-allocator-size-gi-baking-worker=262144"
    "memorysetup-temp-allocator-size-gfx=262144"
Refreshing native plugins compatible for Editor in 71.45 ms, found 3 plugins.
Preloading 0 native plugins for Editor in 0.00 ms.
Initialize engine version: 2021.3.8f1 (b30333d56e81)
[Subsystems] Discovering subsystems at path C:/Program Files/Unity/Hub/Editor/2021.3.8f1/Editor/Data/Resources/UnitySubsystems
[Subsystems] Discovering subsystems at path C:/Users/jarne/Documents/UnityProjects/RPJDM/AirplaneAI/Assets
GfxDevice: creating device client; threaded=0; jobified=0
Direct3D:
    Version:  Direct3D 11.0 [level 11.1]
    Renderer: NVIDIA GeForce RTX 3050 Ti Laptop GPU (ID=0x25a0)
    Vendor:   NVIDIA
    VRAM:     3993 MB
    Driver:   31.0.15.1700
Initialize mono
Mono path[0] = 'C:/Program Files/Unity/Hub/Editor/2021.3.8f1/Editor/Data/Managed'
Mono path[1] = 'C:/Program Files/Unity/Hub/Editor/2021.3.8f1/Editor/Data/MonoBleedingEdge/lib/mono/unityjit-win32'
Mono config path = 'C:/Program Files/Unity/Hub/Editor/2021.3.8f1/Editor/Data/MonoBleedingEdge/etc'
Using monoOptions --debugger-agent=transport=dt_socket,embedding=1,server=y,suspend=n,address=127.0.0.1:56424
Begin MonoManager ReloadAssembly
Registering precompiled unity dll's ...
Register platform support module: C:/Program Files/Unity/Hub/Editor/2021.3.8f1/Editor/Data/PlaybackEngines/WebGLSupport/UnityEditor.WebGL.Extensions.dll
Register platform support module: C:/Program Files/Unity/Hub/Editor/2021.3.8f1/Editor/Data/PlaybackEngines/AndroidPlayer/UnityEditor.Android.Extensions.dll
Register platform support module: C:/Program Files/Unity/Hub/Editor/2021.3.8f1/Editor/Data/PlaybackEngines/WindowsStandaloneSupport/UnityEditor.WindowsStandalone.Extensions.dll
Registered in 0.003792 seconds.
Native extension for WindowsStandalone target not found
Native extension for Android target not found
Native extension for WebGL target not found
Refreshing native plugins compatible for Editor in 64.08 ms, found 3 plugins.
Preloading 0 native plugins for Editor in 0.00 ms.
Mono: successfully reloaded assembly
- Completed reload, in  0.599 seconds
Domain Reload Profiling:
	ReloadAssembly (599ms)
		BeginReloadAssembly (69ms)
			ExecutionOrderSort (0ms)
			DisableScriptedObjects (0ms)
			BackupInstance (0ms)
			ReleaseScriptingObjects (0ms)
			CreateAndSetChildDomain (1ms)
		EndReloadAssembly (431ms)
			LoadAssemblies (69ms)
			RebuildTransferFunctionScriptingTraits (0ms)
			SetupTypeCache (118ms)
			ReleaseScriptCaches (0ms)
			RebuildScriptCaches (24ms)
			SetupLoadedEditorAssemblies (247ms)
				LogAssemblyErrors (0ms)
				InitializePlatformSupportModulesInManaged (49ms)
				SetLoadedEditorAssemblies (2ms)
				RefreshPlugins (64ms)
				BeforeProcessingInitializeOnLoad (1ms)
				ProcessInitializeOnLoadAttributes (84ms)
				ProcessInitializeOnLoadMethodAttributes (47ms)
				AfterProcessingInitializeOnLoad (0ms)
				EditorAssembliesLoaded (0ms)
			ExecutionOrderSort2 (0ms)
			AwakeInstancesAfterBackupRestoration (0ms)
Platform modules already initialized, skipping
Registering precompiled user dll's ...
Registered in 0.004445 seconds.
Begin MonoManager ReloadAssembly
Symbol file LoadedFromMemory doesn't match image C:\Users\jarne\Documents\UnityProjects\RPJDM\AirplaneAI\Library\PackageCache\com.unity.visualscripting@1.7.8\Editor\VisualScripting.Core\Dependencies\YamlDotNet\Unity.VisualScripting.YamlDotNet.dll
Symbol file LoadedFromMemory doesn't match image C:\Users\jarne\Documents\UnityProjects\RPJDM\AirplaneAI\Library\PackageCache\com.unity.visualscripting@1.7.8\Editor\VisualScripting.Core\Dependencies\DotNetZip\Unity.VisualScripting.IonicZip.dll
Native extension for WindowsStandalone target not found
Native extension for Android target not found
Native extension for WebGL target not found
Refreshing native plugins compatible for Editor in 0.57 ms, found 3 plugins.
Preloading 0 native plugins for Editor in 0.00 ms.
Mono: successfully reloaded assembly
- Completed reload, in  0.895 seconds
Domain Reload Profiling:
	ReloadAssembly (896ms)
		BeginReloadAssembly (193ms)
			ExecutionOrderSort (0ms)
			DisableScriptedObjects (4ms)
			BackupInstance (0ms)
			ReleaseScriptingObjects (0ms)
			CreateAndSetChildDomain (120ms)
		EndReloadAssembly (616ms)
			LoadAssemblies (66ms)
			RebuildTransferFunctionScriptingTraits (0ms)
			SetupTypeCache (194ms)
			ReleaseScriptCaches (0ms)
			RebuildScriptCaches (39ms)
			SetupLoadedEditorAssemblies (287ms)
				LogAssemblyErrors (0ms)
				InitializePlatformSupportModulesInManaged (13ms)
				SetLoadedEditorAssemblies (0ms)
				RefreshPlugins (1ms)
				BeforeProcessingInitializeOnLoad (63ms)
				ProcessInitializeOnLoadAttributes (185ms)
				ProcessInitializeOnLoadMethodAttributes (21ms)
				AfterProcessingInitializeOnLoad (5ms)
				EditorAssembliesLoaded (0ms)
			ExecutionOrderSort2 (0ms)
			AwakeInstancesAfterBackupRestoration (5ms)
Platform modules already initialized, skipping
========================================================================
Worker process is ready to serve import requests
Launched and connected shader compiler UnityShaderCompiler.exe after 0.07 seconds
Refreshing native plugins compatible for Editor in 0.81 ms, found 3 plugins.
Preloading 0 native plugins for Editor in 0.00 ms.
Unloading 3377 Unused Serialized files (Serialized files now loaded: 0)
Unloading 27 unused Assets / (111.0 KB). Loaded Objects now: 3836.
Memory consumption went from 118.5 MB to 118.4 MB.
Total: 4.428600 ms (FindLiveObjects: 0.276000 ms CreateObjectMapping: 0.230100 ms MarkObjects: 3.791900 ms  DeleteObjects: 0.129300 ms)

AssetImportParameters requested are different than current active one (requested -> active):
  custom:video-decoder-ogg-theora: a1e56fd34408186e4bbccfd4996cb3dc -> 
  custom:container-muxer-webm: aa71ff27fc2769a1b78a27578f13a17b -> 
  custom:container-demuxer-webm: 4f35f7cbe854078d1ac9338744f61a02 -> 
  custom:video-encoder-webm-vp8: eb34c28f22e8b96e1ab97ce403110664 -> 
  custom:video-codec-MediaFoundation-h265: 746d11721c4dcdbdad8f713fa42b33f4 -> 
  custom:audio-encoder-webm-vorbis: bf7c407c2cedff20999df2af8eb42d56 -> 
  custom:framework-win-MediaFoundation: 216162199b28c13a410421893ffa2e32 -> 
  custom:container-demuxer-ogg: 62fdf1f143b41e24485cea50d1cbac27 -> 
  custom:video-decoder-webm-vp8: 9c59270c3fd7afecdb556c50c9e8de78 -> 
  custom:audio-decoder-ogg-vorbis: bf7c407c2cedff20999df2af8eb42d56 -> 
========================================================================
Received Import Request.
  Time since last request: 2162897.346738 seconds.
  path: Assets/Road/Models/roadTile_149.obj
  artifactKey: Guid(09bff0963d2e55841ab55fc70d81f8cd) Importer(815301076,1909f56bfc062723c751e8b465ee728b)
Start importing Assets/Road/Models/roadTile_149.obj using Guid(09bff0963d2e55841ab55fc70d81f8cd) Importer(815301076,1909f56bfc062723c751e8b465ee728b)  -> (artifact id: '4e20967f9ab9176e0aaa5af47a08b92d') in 0.196641 seconds 
========================================================================
Received Import Request.
  Time since last request: 0.000023 seconds.
  path: Assets/Road/Models/roadTile_154.obj
  artifactKey: Guid(f068fe94c57952741b2f806ee3497a85) Importer(815301076,1909f56bfc062723c751e8b465ee728b)
Start importing Assets/Road/Models/roadTile_154.obj using Guid(f068fe94c57952741b2f806ee3497a85) Importer(815301076,1909f56bfc062723c751e8b465ee728b)  -> (artifact id: 'da5bea4a1858e45a007c4bcb98e3bc82') in 0.041365 seconds 
========================================================================
Received Import Request.
  Time since last request: 0.000029 seconds.
  path: Assets/Road/Models/roadTile_164.obj
  artifactKey: Guid(ffdd2e134b4b8dc44b3c9728b0ed6e9e) Importer(815301076,1909f56bfc062723c751e8b465ee728b)
Start importing Assets/Road/Models/roadTile_164.obj using Guid(ffdd2e134b4b8dc44b3c9728b0ed6e9e) Importer(815301076,1909f56bfc062723c751e8b465ee728b)  -> (artifact id: '7332e4f25334e686d264b5a6da8452be') in 0.050818 seconds 
========================================================================
Received Import Request.
  Time since last request: 0.000021 seconds.
  path: Assets/Road/Models/roadTile_153.obj
  artifactKey: Guid(136922d2c459d1b44a16917b43a9f641) Importer(815301076,1909f56bfc062723c751e8b465ee728b)
Start importing Assets/Road/Models/roadTile_153.obj using Guid(136922d2c459d1b44a16917b43a9f641) Importer(815301076,1909f56bfc062723c751e8b465ee728b)  -> (artifact id: '1e7f09291008de25976aacf57aa68bba') in 0.051014 seconds 
========================================================================
Received Import Request.
  Time since last request: 0.000020 seconds.
  path: Assets/Road/Models/roadTile_159.obj
  artifactKey: Guid(7a98b4e994ca9ba41b705dd863a6d502) Importer(815301076,1909f56bfc062723c751e8b465ee728b)
Start importing Assets/Road/Models/roadTile_159.obj using Guid(7a98b4e994ca9ba41b705dd863a6d502) Importer(815301076,1909f56bfc062723c751e8b465ee728b)  -> (artifact id: '29354595e80f9a9686002cbc5230ac24') in 0.033907 seconds 
========================================================================
Received Import Request.
  Time since last request: 0.000022 seconds.
  path: Assets/Road/Models/roadTile_169.obj
  artifactKey: Guid(bc5ed0b72ba2ed348b18982079e292a3) Importer(815301076,1909f56bfc062723c751e8b465ee728b)
Start importing Assets/Road/Models/roadTile_169.obj using Guid(bc5ed0b72ba2ed348b18982079e292a3) Importer(815301076,1909f56bfc062723c751e8b465ee728b)  -> (artifact id: '2b97aaa99af068e638498bbd094b1dd6') in 0.037338 seconds 
========================================================================
Received Import Request.
  Time since last request: 0.000022 seconds.
  path: Assets/Road/Models/roadTile_150.obj
  artifactKey: Guid(a3fb8db8c815ac54fbd66b5a885c2ad3) Importer(815301076,1909f56bfc062723c751e8b465ee728b)
Start importing Assets/Road/Models/roadTile_150.obj using Guid(a3fb8db8c815ac54fbd66b5a885c2ad3) Importer(815301076,1909f56bfc062723c751e8b465ee728b)  -> (artifact id: '61c3552c662ff9d50a6bc5a5c14a2870') in 0.036109 seconds 
========================================================================
Received Import Request.
  Time since last request: 0.000025 seconds.
  path: Assets/Road/Models/roadTile_155.obj
  artifactKey: Guid(116c5fd2f044f184ca79a737b814d1fe) Importer(815301076,1909f56bfc062723c751e8b465ee728b)
Start importing Assets/Road/Models/roadTile_155.obj using Guid(116c5fd2f044f184ca79a737b814d1fe) Importer(815301076,1909f56bfc062723c751e8b465ee728b)  -> (artifact id: 'e3fce2d36c005c555855cc47514dc543') in 0.040455 seconds 
========================================================================
Received Import Request.
  Time since last request: 0.000034 seconds.
  path: Assets/Road/Models/roadTile_151.obj
  artifactKey: Guid(1c87e8d1f10564048bf75a26039b4668) Importer(815301076,1909f56bfc062723c751e8b465ee728b)
Start importing Assets/Road/Models/roadTile_151.obj using Guid(1c87e8d1f10564048bf75a26039b4668) Importer(815301076,1909f56bfc062723c751e8b465ee728b)  -> (artifact id: '0344660811bb04417d5a23cfb57c69d3') in 0.031167 seconds 
========================================================================
Received Import Request.
  Time since last request: 0.000034 seconds.
  path: Assets/Road/Models/roadTile_165.obj
  artifactKey: Guid(a4926a5e695a4e647b9875559550a363) Importer(815301076,1909f56bfc062723c751e8b465ee728b)
Start importing Assets/Road/Models/roadTile_165.obj using Guid(a4926a5e695a4e647b9875559550a363) Importer(815301076,1909f56bfc062723c751e8b465ee728b)  -> (artifact id: '4a4431f23bcd27b2f6a85d68e2efa0f9') in 0.040610 seconds 
========================================================================
Received Import Request.
  Time since last request: 1.087268 seconds.
  path: Assets/Road/Models/roadTile_283.obj
  artifactKey: Guid(40c6c18e6ed472746984b18480f58155) Importer(815301076,1909f56bfc062723c751e8b465ee728b)
Start importing Assets/Road/Models/roadTile_283.obj using Guid(40c6c18e6ed472746984b18480f58155) Importer(815301076,1909f56bfc062723c751e8b465ee728b)  -> (artifact id: 'fb955a73d51efb270ecdf67583e1f7b9') in 0.043290 seconds 
Editor requested this worker to shutdown with reason: Scaling down because of idle timeout
AssetImportWorker is now disconnected from the server
Process exiting
Exiting without the bug reporter. Application will terminate with return code 0