Using pre-set license
Built from '2021.3/staging' branch; Version is '2021.3.8f1 (b30333d56e81) revision 11731763'; Using compiler version '192829333'; Build Type 'Release'
OS: 'Windows 11  (10.0.22621) 64bit Core' Language: 'en' Physical Memory: 32439 MB
BatchMode: 1, IsHumanControllingUs: 0, StartBugReporterOnCrash: 0, Is64bit: 1, IsPro: 1

COMMAND LINE ARGUMENTS:
C:\Program Files\Unity\Hub\Editor\2021.3.8f1\Editor\Unity.exe
-adb2
-batchMode
-noUpm
-name
AssetImportWorker4
-projectPath
C:/Users/jarne/Documents/UnityProjects/RPJDM/AirplaneAI
-logFile
Logs/AssetImportWorker4.log
-srvPort
56834
Successfully changed project path to: C:/Users/jarne/Documents/UnityProjects/RPJDM/AirplaneAI
C:/Users/jarne/Documents/UnityProjects/RPJDM/AirplaneAI
[UnityMemory] Configuration Parameters - Can be set up in boot.config
    "memorysetup-bucket-allocator-granularity=16"
    "memorysetup-bucket-allocator-bucket-count=8"
    "memorysetup-bucket-allocator-block-size=33554432"
    "memorysetup-bucket-allocator-block-count=8"
    "memorysetup-main-allocator-block-size=16777216"
    "memorysetup-thread-allocator-block-size=16777216"
    "memorysetup-gfx-main-allocator-block-size=16777216"
    "memorysetup-gfx-thread-allocator-block-size=16777216"
    "memorysetup-cache-allocator-block-size=4194304"
    "memorysetup-typetree-allocator-block-size=2097152"
    "memorysetup-profiler-bucket-allocator-granularity=16"
    "memorysetup-profiler-bucket-allocator-bucket-count=8"
    "memorysetup-profiler-bucket-allocator-block-size=33554432"
    "memorysetup-profiler-bucket-allocator-block-count=8"
    "memorysetup-profiler-allocator-block-size=16777216"
    "memorysetup-profiler-editor-allocator-block-size=1048576"
    "memorysetup-temp-allocator-size-main=16777216"
    "memorysetup-job-temp-allocator-block-size=2097152"
    "memorysetup-job-temp-allocator-block-size-background=1048576"
    "memorysetup-job-temp-allocator-reduction-small-platforms=262144"
    "memorysetup-temp-allocator-size-background-worker=32768"
    "memorysetup-temp-allocator-size-job-worker=262144"
    "memorysetup-temp-allocator-size-preload-manager=33554432"
    "memorysetup-temp-allocator-size-nav-mesh-worker=65536"
    "memorysetup-temp-allocator-size-audio-worker=65536"
    "memorysetup-temp-allocator-size-cloud-worker=32768"
    "memorysetup-temp-allocator-size-gi-baking-worker=262144"
    "memorysetup-temp-allocator-size-gfx=262144"
Refreshing native plugins compatible for Editor in 87.08 ms, found 3 plugins.
Preloading 0 native plugins for Editor in 0.00 ms.
Initialize engine version: 2021.3.8f1 (b30333d56e81)
[Subsystems] Discovering subsystems at path C:/Program Files/Unity/Hub/Editor/2021.3.8f1/Editor/Data/Resources/UnitySubsystems
[Subsystems] Discovering subsystems at path C:/Users/jarne/Documents/UnityProjects/RPJDM/AirplaneAI/Assets
GfxDevice: creating device client; threaded=0; jobified=0
Direct3D:
    Version:  Direct3D 11.0 [level 11.1]
    Renderer: NVIDIA GeForce RTX 3050 Ti Laptop GPU (ID=0x25a0)
    Vendor:   NVIDIA
    VRAM:     3993 MB
    Driver:   31.0.15.1700
Initialize mono
Mono path[0] = 'C:/Program Files/Unity/Hub/Editor/2021.3.8f1/Editor/Data/Managed'
Mono path[1] = 'C:/Program Files/Unity/Hub/Editor/2021.3.8f1/Editor/Data/MonoBleedingEdge/lib/mono/unityjit-win32'
Mono config path = 'C:/Program Files/Unity/Hub/Editor/2021.3.8f1/Editor/Data/MonoBleedingEdge/etc'
Using monoOptions --debugger-agent=transport=dt_socket,embedding=1,server=y,suspend=n,address=127.0.0.1:56360
Begin MonoManager ReloadAssembly
Registering precompiled unity dll's ...
Register platform support module: C:/Program Files/Unity/Hub/Editor/2021.3.8f1/Editor/Data/PlaybackEngines/WebGLSupport/UnityEditor.WebGL.Extensions.dll
Register platform support module: C:/Program Files/Unity/Hub/Editor/2021.3.8f1/Editor/Data/PlaybackEngines/AndroidPlayer/UnityEditor.Android.Extensions.dll
Register platform support module: C:/Program Files/Unity/Hub/Editor/2021.3.8f1/Editor/Data/PlaybackEngines/WindowsStandaloneSupport/UnityEditor.WindowsStandalone.Extensions.dll
Registered in 0.004722 seconds.
Native extension for WindowsStandalone target not found
Native extension for Android target not found
Native extension for WebGL target not found
Refreshing native plugins compatible for Editor in 75.00 ms, found 3 plugins.
Preloading 0 native plugins for Editor in 0.00 ms.
Mono: successfully reloaded assembly
- Completed reload, in  0.669 seconds
Domain Reload Profiling:
	ReloadAssembly (670ms)
		BeginReloadAssembly (62ms)
			ExecutionOrderSort (0ms)
			DisableScriptedObjects (0ms)
			BackupInstance (0ms)
			ReleaseScriptingObjects (0ms)
			CreateAndSetChildDomain (1ms)
		EndReloadAssembly (509ms)
			LoadAssemblies (61ms)
			RebuildTransferFunctionScriptingTraits (0ms)
			SetupTypeCache (106ms)
			ReleaseScriptCaches (0ms)
			RebuildScriptCaches (24ms)
			SetupLoadedEditorAssemblies (321ms)
				LogAssemblyErrors (0ms)
				InitializePlatformSupportModulesInManaged (74ms)
				SetLoadedEditorAssemblies (0ms)
				RefreshPlugins (75ms)
				BeforeProcessingInitializeOnLoad (1ms)
				ProcessInitializeOnLoadAttributes (118ms)
				ProcessInitializeOnLoadMethodAttributes (52ms)
				AfterProcessingInitializeOnLoad (0ms)
				EditorAssembliesLoaded (0ms)
			ExecutionOrderSort2 (0ms)
			AwakeInstancesAfterBackupRestoration (0ms)
Platform modules already initialized, skipping
Registering precompiled user dll's ...
Registered in 0.004326 seconds.
Begin MonoManager ReloadAssembly
Symbol file LoadedFromMemory doesn't match image C:\Users\jarne\Documents\UnityProjects\RPJDM\AirplaneAI\Library\PackageCache\com.unity.visualscripting@1.7.8\Editor\VisualScripting.Core\Dependencies\YamlDotNet\Unity.VisualScripting.YamlDotNet.dll
Symbol file LoadedFromMemory doesn't match image C:\Users\jarne\Documents\UnityProjects\RPJDM\AirplaneAI\Library\PackageCache\com.unity.visualscripting@1.7.8\Editor\VisualScripting.Core\Dependencies\DotNetZip\Unity.VisualScripting.IonicZip.dll
Native extension for WindowsStandalone target not found
Native extension for Android target not found
Native extension for WebGL target not found
Refreshing native plugins compatible for Editor in 0.83 ms, found 3 plugins.
Preloading 0 native plugins for Editor in 0.00 ms.
Mono: successfully reloaded assembly
- Completed reload, in  1.488 seconds
Domain Reload Profiling:
	ReloadAssembly (1489ms)
		BeginReloadAssembly (222ms)
			ExecutionOrderSort (0ms)
			DisableScriptedObjects (6ms)
			BackupInstance (0ms)
			ReleaseScriptingObjects (0ms)
			CreateAndSetChildDomain (137ms)
		EndReloadAssembly (1158ms)
			LoadAssemblies (73ms)
			RebuildTransferFunctionScriptingTraits (0ms)
			SetupTypeCache (508ms)
			ReleaseScriptCaches (1ms)
			RebuildScriptCaches (61ms)
			SetupLoadedEditorAssemblies (442ms)
				LogAssemblyErrors (0ms)
				InitializePlatformSupportModulesInManaged (20ms)
				SetLoadedEditorAssemblies (0ms)
				RefreshPlugins (1ms)
				BeforeProcessingInitializeOnLoad (90ms)
				ProcessInitializeOnLoadAttributes (282ms)
				ProcessInitializeOnLoadMethodAttributes (38ms)
				AfterProcessingInitializeOnLoad (9ms)
				EditorAssembliesLoaded (0ms)
			ExecutionOrderSort2 (0ms)
			AwakeInstancesAfterBackupRestoration (9ms)
Platform modules already initialized, skipping
========================================================================
Worker process is ready to serve import requests
Launched and connected shader compiler UnityShaderCompiler.exe after 0.08 seconds
Refreshing native plugins compatible for Editor in 1.12 ms, found 3 plugins.
Preloading 0 native plugins for Editor in 0.00 ms.
Unloading 3377 Unused Serialized files (Serialized files now loaded: 0)
Unloading 27 unused Assets / (111.0 KB). Loaded Objects now: 3836.
Memory consumption went from 118.5 MB to 118.4 MB.
Total: 3.798800 ms (FindLiveObjects: 0.257100 ms CreateObjectMapping: 0.187600 ms MarkObjects: 3.194900 ms  DeleteObjects: 0.158000 ms)

AssetImportParameters requested are different than current active one (requested -> active):
  custom:video-decoder-ogg-theora: a1e56fd34408186e4bbccfd4996cb3dc -> 
  custom:container-muxer-webm: aa71ff27fc2769a1b78a27578f13a17b -> 
  custom:container-demuxer-webm: 4f35f7cbe854078d1ac9338744f61a02 -> 
  custom:video-encoder-webm-vp8: eb34c28f22e8b96e1ab97ce403110664 -> 
  custom:video-codec-MediaFoundation-h265: 746d11721c4dcdbdad8f713fa42b33f4 -> 
  custom:audio-encoder-webm-vorbis: bf7c407c2cedff20999df2af8eb42d56 -> 
  custom:framework-win-MediaFoundation: 216162199b28c13a410421893ffa2e32 -> 
  custom:container-demuxer-ogg: 62fdf1f143b41e24485cea50d1cbac27 -> 
  custom:video-decoder-webm-vp8: 9c59270c3fd7afecdb556c50c9e8de78 -> 
  custom:audio-decoder-ogg-vorbis: bf7c407c2cedff20999df2af8eb42d56 -> 
========================================================================
Received Import Request.
  Time since last request: 2162056.225524 seconds.
  path: Assets/Road/Preview.png
  artifactKey: Guid(3d70c088202d8cd4384d9ace03850df2) Importer(815301076,1909f56bfc062723c751e8b465ee728b)
Start importing Assets/Road/Preview.png using Guid(3d70c088202d8cd4384d9ace03850df2) Importer(815301076,1909f56bfc062723c751e8b465ee728b)  -> (artifact id: 'a47ceef28e8e06ef6f29f9fa0b52b61d') in 0.063971 seconds 
========================================================================
Received Import Request.
  Time since last request: 50.571131 seconds.
  path: Assets/Images/Runway.png
  artifactKey: Guid(6d186c2f855c0f245af788cd489e83c3) Importer(815301076,1909f56bfc062723c751e8b465ee728b)
Start importing Assets/Images/Runway.png using Guid(6d186c2f855c0f245af788cd489e83c3) Importer(815301076,1909f56bfc062723c751e8b465ee728b)  -> (artifact id: '9c5ee595e27b04d69a95a4be67b6ea61') in 0.034924 seconds 
========================================================================
Received Import Request.
  Time since last request: 31.926634 seconds.
  path: Assets/Images/Runway 1.png
  artifactKey: Guid(259dc0c6d18874b48a74e45f7ca1c635) Importer(815301076,1909f56bfc062723c751e8b465ee728b)
Start importing Assets/Images/Runway 1.png using Guid(259dc0c6d18874b48a74e45f7ca1c635) Importer(815301076,1909f56bfc062723c751e8b465ee728b)  -> (artifact id: '91f1a9d40f6e2917d00614f68aa5fd14') in 0.014279 seconds 
========================================================================
Received Import Request.
  Time since last request: 7.176530 seconds.
  path: Assets/Images/Runway.png
  artifactKey: Guid(259dc0c6d18874b48a74e45f7ca1c635) Importer(815301076,1909f56bfc062723c751e8b465ee728b)
Start importing Assets/Images/Runway.png using Guid(259dc0c6d18874b48a74e45f7ca1c635) Importer(815301076,1909f56bfc062723c751e8b465ee728b)  -> (artifact id: '6eb813ed7b15df0ca836c1eb3d4b9c92') in 0.007222 seconds 
========================================================================
Received Import Request.
  Time since last request: 306.165128 seconds.
  path: Assets/Images/Materials
  artifactKey: Guid(0e8a64821af705e44a9fd5055b8ccf44) Importer(815301076,1909f56bfc062723c751e8b465ee728b)
Start importing Assets/Images/Materials using Guid(0e8a64821af705e44a9fd5055b8ccf44) Importer(815301076,1909f56bfc062723c751e8b465ee728b)  -> (artifact id: 'e867af72d2c7afea65d0a527b4a31934') in 0.002013 seconds 
========================================================================
Received Import Request.
  Time since last request: 0.030789 seconds.
  path: Assets/Images/Materials/Runway.mat
  artifactKey: Guid(aa333799bdc2b9442955e2b470c0f179) Importer(815301076,1909f56bfc062723c751e8b465ee728b)
Start importing Assets/Images/Materials/Runway.mat using Guid(aa333799bdc2b9442955e2b470c0f179) Importer(815301076,1909f56bfc062723c751e8b465ee728b)  -> (artifact id: 'be8ea513f2efc12cd470f178ca057c34') in 0.046895 seconds 
========================================================================
Received Import Request.
  Time since last request: 272.321414 seconds.
  path: Assets/Images/Runway Sprite.png
  artifactKey: Guid(268629c75350cfb4c837fb295ecfae87) Importer(815301076,1909f56bfc062723c751e8b465ee728b)
Start importing Assets/Images/Runway Sprite.png using Guid(268629c75350cfb4c837fb295ecfae87) Importer(815301076,1909f56bfc062723c751e8b465ee728b)  -> (artifact id: '1cde63df0327cf4c7b44a68b29ecf37b') in 0.016448 seconds 
========================================================================
Received Import Request.
  Time since last request: 33.615158 seconds.
  path: Assets/Images/Runway Sprite.png
  artifactKey: Guid(268629c75350cfb4c837fb295ecfae87) Importer(815301076,1909f56bfc062723c751e8b465ee728b)
Start importing Assets/Images/Runway Sprite.png using Guid(268629c75350cfb4c837fb295ecfae87) Importer(815301076,1909f56bfc062723c751e8b465ee728b)  -> (artifact id: '299237be037c1ebf4cf8c5ec36154b1c') in 0.011778 seconds 
========================================================================
Received Import Request.
  Time since last request: 27.907920 seconds.
  path: Assets/City/Models/DAE format/skyscraperC.dae
  artifactKey: Guid(0b794df0547558f47ae3a8e3784486a4) Importer(815301076,1909f56bfc062723c751e8b465ee728b)
Start importing Assets/City/Models/DAE format/skyscraperC.dae using Guid(0b794df0547558f47ae3a8e3784486a4) Importer(815301076,1909f56bfc062723c751e8b465ee728b)  -> (artifact id: '8d54561b90703523c7cdb63e36c2e590') in 0.129001 seconds 
========================================================================
Received Import Request.
  Time since last request: 0.000035 seconds.
  path: Assets/Road/Models/roadTile_157.obj
  artifactKey: Guid(649fb0aac3fd7464ebba1c8f42ac6136) Importer(815301076,1909f56bfc062723c751e8b465ee728b)
Start importing Assets/Road/Models/roadTile_157.obj using Guid(649fb0aac3fd7464ebba1c8f42ac6136) Importer(815301076,1909f56bfc062723c751e8b465ee728b)  -> (artifact id: '8eb7574c67bd5a848c72415c19affcf4') in 0.063336 seconds 
========================================================================
Received Import Request.
  Time since last request: 0.000029 seconds.
  path: Assets/Road/Models/roadTile_282.obj
  artifactKey: Guid(0cfd684040c0db740b2ad647bc1ea1ab) Importer(815301076,1909f56bfc062723c751e8b465ee728b)
Start importing Assets/Road/Models/roadTile_282.obj using Guid(0cfd684040c0db740b2ad647bc1ea1ab) Importer(815301076,1909f56bfc062723c751e8b465ee728b)  -> (artifact id: '5119eb81849cde0bdddfda3d939af476') in 0.071359 seconds 
Editor requested this worker to shutdown with reason: Scaling down because of idle timeout
AssetImportWorker is now disconnected from the server
Process exiting
Exiting without the bug reporter. Application will terminate with return code 0