Using pre-set license
Built from '2021.3/staging' branch; Version is '2021.3.8f1 (b30333d56e81) revision 11731763'; Using compiler version '192829333'; Build Type 'Release'
OS: 'Windows 11  (10.0.22621) 64bit Core' Language: 'en' Physical Memory: 32439 MB
BatchMode: 1, IsHumanControllingUs: 0, StartBugReporterOnCrash: 0, Is64bit: 1, IsPro: 1

COMMAND LINE ARGUMENTS:
C:\Program Files\Unity\Hub\Editor\2021.3.8f1\Editor\Unity.exe
-adb2
-batchMode
-noUpm
-name
AssetImportWorker2
-projectPath
C:/Users/jarne/Documents/UnityProjects/RPJDM/AirplaneAI
-logFile
Logs/AssetImportWorker2.log
-srvPort
56834
Successfully changed project path to: C:/Users/jarne/Documents/UnityProjects/RPJDM/AirplaneAI
C:/Users/jarne/Documents/UnityProjects/RPJDM/AirplaneAI
[UnityMemory] Configuration Parameters - Can be set up in boot.config
    "memorysetup-bucket-allocator-granularity=16"
    "memorysetup-bucket-allocator-bucket-count=8"
    "memorysetup-bucket-allocator-block-size=33554432"
    "memorysetup-bucket-allocator-block-count=8"
    "memorysetup-main-allocator-block-size=16777216"
    "memorysetup-thread-allocator-block-size=16777216"
    "memorysetup-gfx-main-allocator-block-size=16777216"
    "memorysetup-gfx-thread-allocator-block-size=16777216"
    "memorysetup-cache-allocator-block-size=4194304"
    "memorysetup-typetree-allocator-block-size=2097152"
    "memorysetup-profiler-bucket-allocator-granularity=16"
    "memorysetup-profiler-bucket-allocator-bucket-count=8"
    "memorysetup-profiler-bucket-allocator-block-size=33554432"
    "memorysetup-profiler-bucket-allocator-block-count=8"
    "memorysetup-profiler-allocator-block-size=16777216"
    "memorysetup-profiler-editor-allocator-block-size=1048576"
    "memorysetup-temp-allocator-size-main=16777216"
    "memorysetup-job-temp-allocator-block-size=2097152"
    "memorysetup-job-temp-allocator-block-size-background=1048576"
    "memorysetup-job-temp-allocator-reduction-small-platforms=262144"
    "memorysetup-temp-allocator-size-background-worker=32768"
    "memorysetup-temp-allocator-size-job-worker=262144"
    "memorysetup-temp-allocator-size-preload-manager=33554432"
    "memorysetup-temp-allocator-size-nav-mesh-worker=65536"
    "memorysetup-temp-allocator-size-audio-worker=65536"
    "memorysetup-temp-allocator-size-cloud-worker=32768"
    "memorysetup-temp-allocator-size-gi-baking-worker=262144"
    "memorysetup-temp-allocator-size-gfx=262144"
Refreshing native plugins compatible for Editor in 64.60 ms, found 3 plugins.
Preloading 0 native plugins for Editor in 0.00 ms.
Initialize engine version: 2021.3.8f1 (b30333d56e81)
[Subsystems] Discovering subsystems at path C:/Program Files/Unity/Hub/Editor/2021.3.8f1/Editor/Data/Resources/UnitySubsystems
[Subsystems] Discovering subsystems at path C:/Users/jarne/Documents/UnityProjects/RPJDM/AirplaneAI/Assets
GfxDevice: creating device client; threaded=0; jobified=0
Direct3D:
    Version:  Direct3D 11.0 [level 11.1]
    Renderer: NVIDIA GeForce RTX 3050 Ti Laptop GPU (ID=0x25a0)
    Vendor:   NVIDIA
    VRAM:     3993 MB
    Driver:   31.0.15.1700
Initialize mono
Mono path[0] = 'C:/Program Files/Unity/Hub/Editor/2021.3.8f1/Editor/Data/Managed'
Mono path[1] = 'C:/Program Files/Unity/Hub/Editor/2021.3.8f1/Editor/Data/MonoBleedingEdge/lib/mono/unityjit-win32'
Mono config path = 'C:/Program Files/Unity/Hub/Editor/2021.3.8f1/Editor/Data/MonoBleedingEdge/etc'
Using monoOptions --debugger-agent=transport=dt_socket,embedding=1,server=y,suspend=n,address=127.0.0.1:56744
Begin MonoManager ReloadAssembly
Registering precompiled unity dll's ...
Register platform support module: C:/Program Files/Unity/Hub/Editor/2021.3.8f1/Editor/Data/PlaybackEngines/WebGLSupport/UnityEditor.WebGL.Extensions.dll
Register platform support module: C:/Program Files/Unity/Hub/Editor/2021.3.8f1/Editor/Data/PlaybackEngines/AndroidPlayer/UnityEditor.Android.Extensions.dll
Register platform support module: C:/Program Files/Unity/Hub/Editor/2021.3.8f1/Editor/Data/PlaybackEngines/WindowsStandaloneSupport/UnityEditor.WindowsStandalone.Extensions.dll
Registered in 0.012109 seconds.
Native extension for WindowsStandalone target not found
Native extension for Android target not found
Native extension for WebGL target not found
Refreshing native plugins compatible for Editor in 62.38 ms, found 3 plugins.
Preloading 0 native plugins for Editor in 0.00 ms.
Mono: successfully reloaded assembly
- Completed reload, in  0.698 seconds
Domain Reload Profiling:
	ReloadAssembly (698ms)
		BeginReloadAssembly (93ms)
			ExecutionOrderSort (0ms)
			DisableScriptedObjects (0ms)
			BackupInstance (0ms)
			ReleaseScriptingObjects (0ms)
			CreateAndSetChildDomain (1ms)
		EndReloadAssembly (484ms)
			LoadAssemblies (97ms)
			RebuildTransferFunctionScriptingTraits (0ms)
			SetupTypeCache (133ms)
			ReleaseScriptCaches (0ms)
			RebuildScriptCaches (27ms)
			SetupLoadedEditorAssemblies (268ms)
				LogAssemblyErrors (0ms)
				InitializePlatformSupportModulesInManaged (65ms)
				SetLoadedEditorAssemblies (0ms)
				RefreshPlugins (62ms)
				BeforeProcessingInitializeOnLoad (1ms)
				ProcessInitializeOnLoadAttributes (96ms)
				ProcessInitializeOnLoadMethodAttributes (43ms)
				AfterProcessingInitializeOnLoad (0ms)
				EditorAssembliesLoaded (0ms)
			ExecutionOrderSort2 (0ms)
			AwakeInstancesAfterBackupRestoration (0ms)
Platform modules already initialized, skipping
Registering precompiled user dll's ...
Registered in 0.003765 seconds.
Begin MonoManager ReloadAssembly
Symbol file LoadedFromMemory doesn't match image C:\Users\jarne\Documents\UnityProjects\RPJDM\AirplaneAI\Library\PackageCache\com.unity.visualscripting@1.7.8\Editor\VisualScripting.Core\Dependencies\YamlDotNet\Unity.VisualScripting.YamlDotNet.dll
Symbol file LoadedFromMemory doesn't match image C:\Users\jarne\Documents\UnityProjects\RPJDM\AirplaneAI\Library\PackageCache\com.unity.visualscripting@1.7.8\Editor\VisualScripting.Core\Dependencies\DotNetZip\Unity.VisualScripting.IonicZip.dll
Native extension for WindowsStandalone target not found
Native extension for Android target not found
Native extension for WebGL target not found
Refreshing native plugins compatible for Editor in 0.58 ms, found 3 plugins.
Preloading 0 native plugins for Editor in 0.00 ms.
Mono: successfully reloaded assembly
- Completed reload, in  1.156 seconds
Domain Reload Profiling:
	ReloadAssembly (1157ms)
		BeginReloadAssembly (192ms)
			ExecutionOrderSort (0ms)
			DisableScriptedObjects (5ms)
			BackupInstance (0ms)
			ReleaseScriptingObjects (0ms)
			CreateAndSetChildDomain (121ms)
		EndReloadAssembly (877ms)
			LoadAssemblies (70ms)
			RebuildTransferFunctionScriptingTraits (0ms)
			SetupTypeCache (336ms)
			ReleaseScriptCaches (0ms)
			RebuildScriptCaches (53ms)
			SetupLoadedEditorAssemblies (366ms)
				LogAssemblyErrors (0ms)
				InitializePlatformSupportModulesInManaged (16ms)
				SetLoadedEditorAssemblies (0ms)
				RefreshPlugins (1ms)
				BeforeProcessingInitializeOnLoad (70ms)
				ProcessInitializeOnLoadAttributes (252ms)
				ProcessInitializeOnLoadMethodAttributes (23ms)
				AfterProcessingInitializeOnLoad (4ms)
				EditorAssembliesLoaded (0ms)
			ExecutionOrderSort2 (0ms)
			AwakeInstancesAfterBackupRestoration (6ms)
Platform modules already initialized, skipping
========================================================================
Worker process is ready to serve import requests
Launched and connected shader compiler UnityShaderCompiler.exe after 0.07 seconds
Refreshing native plugins compatible for Editor in 0.79 ms, found 3 plugins.
Preloading 0 native plugins for Editor in 0.00 ms.
Unloading 3377 Unused Serialized files (Serialized files now loaded: 0)
Unloading 27 unused Assets / (111.0 KB). Loaded Objects now: 3836.
Memory consumption went from 118.5 MB to 118.4 MB.
Total: 3.551700 ms (FindLiveObjects: 0.227300 ms CreateObjectMapping: 0.153100 ms MarkObjects: 3.066500 ms  DeleteObjects: 0.103800 ms)

AssetImportParameters requested are different than current active one (requested -> active):
  custom:video-decoder-ogg-theora: a1e56fd34408186e4bbccfd4996cb3dc -> 
  custom:container-muxer-webm: aa71ff27fc2769a1b78a27578f13a17b -> 
  custom:container-demuxer-webm: 4f35f7cbe854078d1ac9338744f61a02 -> 
  custom:video-encoder-webm-vp8: eb34c28f22e8b96e1ab97ce403110664 -> 
  custom:video-codec-MediaFoundation-h265: 746d11721c4dcdbdad8f713fa42b33f4 -> 
  custom:audio-encoder-webm-vorbis: bf7c407c2cedff20999df2af8eb42d56 -> 
  custom:framework-win-MediaFoundation: 216162199b28c13a410421893ffa2e32 -> 
  custom:container-demuxer-ogg: 62fdf1f143b41e24485cea50d1cbac27 -> 
  custom:video-decoder-webm-vp8: 9c59270c3fd7afecdb556c50c9e8de78 -> 
  custom:audio-decoder-ogg-vorbis: bf7c407c2cedff20999df2af8eb42d56 -> 
========================================================================
Received Import Request.
  Time since last request: 2161677.627303 seconds.
  path: Assets/Materi
  artifactKey: Guid(dc91c6e46bffa7f4cbc4edd94bd9915b) Importer(815301076,1909f56bfc062723c751e8b465ee728b)
Start importing Assets/Materi using Guid(dc91c6e46bffa7f4cbc4edd94bd9915b) Importer(815301076,1909f56bfc062723c751e8b465ee728b)  -> (artifact id: '8a4931638daf0cacf7835c22d237128c') in 0.017167 seconds 
========================================================================
Received Import Request.
  Time since last request: 4.031922 seconds.
  path: Assets/Materials
  artifactKey: Guid(dc91c6e46bffa7f4cbc4edd94bd9915b) Importer(815301076,1909f56bfc062723c751e8b465ee728b)
Start importing Assets/Materials using Guid(dc91c6e46bffa7f4cbc4edd94bd9915b) Importer(815301076,1909f56bfc062723c751e8b465ee728b)  -> (artifact id: 'e98c2f734b933eb29f56ec4cd8615a40') in 0.009015 seconds 
========================================================================
Received Import Request.
  Time since last request: 14.101892 seconds.
  path: Assets/Materials/Landing Strip.mat
  artifactKey: Guid(3036f801c70193a41b99ad85b644fbe2) Importer(815301076,1909f56bfc062723c751e8b465ee728b)
Start importing Assets/Materials/Landing Strip.mat using Guid(3036f801c70193a41b99ad85b644fbe2) Importer(815301076,1909f56bfc062723c751e8b465ee728b)  -> (artifact id: '8afc8c7a38c1caaff723557535e33da7') in 0.111840 seconds 
========================================================================
Received Import Request.
  Time since last request: 63.047564 seconds.
  path: Assets/Materials/Runway.mat
  artifactKey: Guid(3036f801c70193a41b99ad85b644fbe2) Importer(815301076,1909f56bfc062723c751e8b465ee728b)
Start importing Assets/Materials/Runway.mat using Guid(3036f801c70193a41b99ad85b644fbe2) Importer(815301076,1909f56bfc062723c751e8b465ee728b)  -> (artifact id: 'e365593f209c6cca6aac66dc9b0e8010') in 0.013134 seconds 
========================================================================
Received Import Request.
  Time since last request: 110.667505 seconds.
  path: Assets/Materials/Runway.png
  artifactKey: Guid(6d186c2f855c0f245af788cd489e83c3) Importer(815301076,1909f56bfc062723c751e8b465ee728b)
Start importing Assets/Materials/Runway.png using Guid(6d186c2f855c0f245af788cd489e83c3) Importer(815301076,1909f56bfc062723c751e8b465ee728b)  -> (artifact id: 'a816474a662b0521a84c9a401e0f5c42') in 0.020967 seconds 
========================================================================
Received Import Request.
  Time since last request: 15.773462 seconds.
  path: Assets/Image
  artifactKey: Guid(040e74be7a9210a4da6005e0c144a205) Importer(815301076,1909f56bfc062723c751e8b465ee728b)
Start importing Assets/Image using Guid(040e74be7a9210a4da6005e0c144a205) Importer(815301076,1909f56bfc062723c751e8b465ee728b)  -> (artifact id: 'baba6b02712b55a088418c1e187e9bd9') in 0.009172 seconds 
========================================================================
Received Import Request.
  Time since last request: 7.373971 seconds.
  path: Assets/Images
  artifactKey: Guid(040e74be7a9210a4da6005e0c144a205) Importer(815301076,1909f56bfc062723c751e8b465ee728b)
Start importing Assets/Images using Guid(040e74be7a9210a4da6005e0c144a205) Importer(815301076,1909f56bfc062723c751e8b465ee728b)  -> (artifact id: 'dc4667ec10d9f78df5dc56d25404a2b5') in 0.008691 seconds 
========================================================================
Received Import Request.
  Time since last request: 136.448881 seconds.
  path: Assets/Road/Models/roadTile_078.obj
  artifactKey: Guid(2e5b9ea2b7012bc4aa12777c44e33f2f) Importer(815301076,1909f56bfc062723c751e8b465ee728b)
Start importing Assets/Road/Models/roadTile_078.obj using Guid(2e5b9ea2b7012bc4aa12777c44e33f2f) Importer(815301076,1909f56bfc062723c751e8b465ee728b)  -> (artifact id: '527cc6847447ceb6d846aec22e7d4e48') in 0.071250 seconds 
========================================================================
Received Import Request.
  Time since last request: 0.000020 seconds.
  path: Assets/Road/Models/roadTile_090.obj
  artifactKey: Guid(467de02768d4f334c9a78e8f5d5cc09c) Importer(815301076,1909f56bfc062723c751e8b465ee728b)
Start importing Assets/Road/Models/roadTile_090.obj using Guid(467de02768d4f334c9a78e8f5d5cc09c) Importer(815301076,1909f56bfc062723c751e8b465ee728b)  -> (artifact id: '48d226cfc46ccd9187836bf652ba0a01') in 0.069133 seconds 
========================================================================
Received Import Request.
  Time since last request: 0.000022 seconds.
  path: Assets/Road/Models/roadTile_089.obj
  artifactKey: Guid(242a9d04c85b6294c94a6926f8941f9a) Importer(815301076,1909f56bfc062723c751e8b465ee728b)
Start importing Assets/Road/Models/roadTile_089.obj using Guid(242a9d04c85b6294c94a6926f8941f9a) Importer(815301076,1909f56bfc062723c751e8b465ee728b)  -> (artifact id: 'ce337a18e4d45193dae2ac18c27917ec') in 0.030710 seconds 
========================================================================
Received Import Request.
  Time since last request: 0.000031 seconds.
  path: Assets/Road/Models/roadTile_091.obj
  artifactKey: Guid(57991c103c6759348a3e93c6d920d46e) Importer(815301076,1909f56bfc062723c751e8b465ee728b)
Start importing Assets/Road/Models/roadTile_091.obj using Guid(57991c103c6759348a3e93c6d920d46e) Importer(815301076,1909f56bfc062723c751e8b465ee728b)  -> (artifact id: '04a200bd87ce0c54e8364c8e7259a12b') in 0.031547 seconds 
========================================================================
Received Import Request.
  Time since last request: 0.000021 seconds.
  path: Assets/Road/Models/roadTile_082.obj
  artifactKey: Guid(1979b3b2279c4024db9abf7e577341a2) Importer(815301076,1909f56bfc062723c751e8b465ee728b)
Start importing Assets/Road/Models/roadTile_082.obj using Guid(1979b3b2279c4024db9abf7e577341a2) Importer(815301076,1909f56bfc062723c751e8b465ee728b)  -> (artifact id: '09aac977fb23dfde5ec5499b5931dbeb') in 0.033957 seconds 
========================================================================
Received Import Request.
  Time since last request: 26.663164 seconds.
  path: Assets/Road/Sample.png
  artifactKey: Guid(8fc9e785f4b81aa48bebc5b60f60d746) Importer(815301076,1909f56bfc062723c751e8b465ee728b)
Start importing Assets/Road/Sample.png using Guid(8fc9e785f4b81aa48bebc5b60f60d746) Importer(815301076,1909f56bfc062723c751e8b465ee728b)  -> (artifact id: 'f1702f822e718ded0782562b80f584f8') in 0.012594 seconds 
========================================================================
Received Import Request.
  Time since last request: 729.939209 seconds.
  path: Assets/Images/Materials/Runway Sprite.mat
  artifactKey: Guid(1fc6d4fa94bfee7458d77e5f9291f35a) Importer(815301076,1909f56bfc062723c751e8b465ee728b)
Start importing Assets/Images/Materials/Runway Sprite.mat using Guid(1fc6d4fa94bfee7458d77e5f9291f35a) Importer(815301076,1909f56bfc062723c751e8b465ee728b)  -> (artifact id: 'a6bd3d4cefd7ac9d7102e9ab12502b70') in 0.021083 seconds 
========================================================================
Received Import Request.
  Time since last request: 0.000056 seconds.
  path: Assets/Road/Models/roadTile_042.obj
  artifactKey: Guid(4f1e393456fedac43abf0ba8c9944f5d) Importer(815301076,1909f56bfc062723c751e8b465ee728b)
Start importing Assets/Road/Models/roadTile_042.obj using Guid(4f1e393456fedac43abf0ba8c9944f5d) Importer(815301076,1909f56bfc062723c751e8b465ee728b)  -> (artifact id: '5c9822bbbecc698dec266e108378c5e1') in 0.069946 seconds 
========================================================================
Received Import Request.
  Time since last request: 0.000030 seconds.
  path: Assets/Road/Models/roadTile_284.obj
  artifactKey: Guid(7b43222ac48ef274e80ec6d24a81185d) Importer(815301076,1909f56bfc062723c751e8b465ee728b)
Start importing Assets/Road/Models/roadTile_284.obj using Guid(7b43222ac48ef274e80ec6d24a81185d) Importer(815301076,1909f56bfc062723c751e8b465ee728b)  -> (artifact id: 'c75e9d9451ae914f15c1e585c45274a0') in 0.060992 seconds 
========================================================================
Received Import Request.
  Time since last request: 0.000038 seconds.
  path: Assets/Road/Models/roadTile_146.obj
  artifactKey: Guid(9f17e1b4f1d80d04b8b1b4c61fdf65ea) Importer(815301076,1909f56bfc062723c751e8b465ee728b)
Start importing Assets/Road/Models/roadTile_146.obj using Guid(9f17e1b4f1d80d04b8b1b4c61fdf65ea) Importer(815301076,1909f56bfc062723c751e8b465ee728b)  -> (artifact id: 'dce767961329c28a1ce015cba198aed4') in 0.069989 seconds 
Editor requested this worker to shutdown with reason: Scaling down because of idle timeout
AssetImportWorker is now disconnected from the server
Process exiting
Exiting without the bug reporter. Application will terminate with return code 0